<?xml version="1.0" encoding="UTF-8"?>
<!-- Generated by org.testng.reporters.JUnitXMLReporter -->
<testsuite ignored="0" hostname="DESKTOP-FB45CQP" failures="0" tests="6" name="TestonChrome" time="5.752" errors="0" timestamp="2023-11-15T12:43:20 EST">
  <testcase classname="tests.TestRun" name="runTest1" time="0.259"/>
  <testcase classname="tests.TestRun" name="runTest2" time="0.164"/>
  <testcase classname="tests.TestRun" name="runTest3" time="0.211"/>
  <testcase classname="tests.TestRun" name="runTest4" time="0.061"/>
  <testcase classname="tests.TestRun" name="runTest5" time="3.781"/>
  <testcase classname="tests.TestRun" name="runTest6" time="0.047"/>
</testsuite> <!-- TestonChrome -->
