<?xml version="1.0" encoding="UTF-8"?>
<!-- Generated by org.testng.reporters.JUnitXMLReporter -->
<testsuite ignored="0" hostname="DESKTOP-FB45CQP" failures="0" tests="6" name="TestonEdge" time="4.79" errors="0" timestamp="2023-11-15T12:43:25 EST">
  <testcase classname="tests.TestRun" name="runTest1" time="0.25"/>
  <testcase classname="tests.TestRun" name="runTest2" time="0.138"/>
  <testcase classname="tests.TestRun" name="runTest3" time="0.212"/>
  <testcase classname="tests.TestRun" name="runTest4" time="0.06"/>
  <testcase classname="tests.TestRun" name="runTest5" time="2.703"/>
  <testcase classname="tests.TestRun" name="runTest6" time="0.049"/>
</testsuite> <!-- TestonEdge -->
