<?xml version="1.0" encoding="UTF-8"?>
<!-- Generated by org.testng.reporters.JUnitXMLReporter -->
<testsuite ignored="0" hostname="DESKTOP-FB45CQP" failures="0" tests="6" name="TestonFirefox" time="5.951" errors="0" timestamp="2023-11-15T12:43:15 EST">
  <testcase classname="tests.TestRun" name="runTest1" time="0.248"/>
  <testcase classname="tests.TestRun" name="runTest2" time="0.099"/>
  <testcase classname="tests.TestRun" name="runTest3" time="0.521"/>
  <testcase classname="tests.TestRun" name="runTest4" time="0.031"/>
  <testcase classname="tests.TestRun" name="runTest5" time="0.792"/>
  <testcase classname="tests.TestRun" name="runTest6" time="0.028"/>
</testsuite> <!-- TestonFirefox -->
